Determining if the pthread_create exist failed with the following output:
Change Dir: /home/jorgepc/Documents/RetoPuzzeBot/rosNodes/ckn_square/build/straight_line/CMakeFiles/CMakeTmp

Run Build Command:"/usr/bin/make" "cmTC_12331/fast"
/usr/bin/make -f CMakeFiles/cmTC_12331.dir/build.make CMakeFiles/cmTC_12331.dir/build
make[1]: Entering directory '/home/jorgepc/Documents/RetoPuzzeBot/rosNodes/ckn_square/build/straight_line/CMakeFiles/CMakeTmp'
Building C object CMakeFiles/cmTC_12331.dir/CheckSymbolExists.c.o
/usr/bin/cc    -o CMakeFiles/cmTC_12331.dir/CheckSymbolExists.c.o   -c /home/jorgepc/Documents/RetoPuzzeBot/rosNodes/ckn_square/build/straight_line/CMakeFiles/CMakeTmp/CheckSymbolExists.c
Linking C executable cmTC_12331
/usr/bin/cmake -E cmake_link_script CMakeFiles/cmTC_12331.dir/link.txt --verbose=1
/usr/bin/cc      -rdynamic CMakeFiles/cmTC_12331.dir/CheckSymbolExists.c.o  -o cmTC_12331 
CMakeFiles/cmTC_12331.dir/CheckSymbolExists.c.o: In function `main':
CheckSymbolExists.c:(.text+0x1b): undefined reference to `pthread_create'
collect2: error: ld returned 1 exit status
CMakeFiles/cmTC_12331.dir/build.make:97: recipe for target 'cmTC_12331' failed
make[1]: *** [cmTC_12331] Error 1
make[1]: Leaving directory '/home/jorgepc/Documents/RetoPuzzeBot/rosNodes/ckn_square/build/straight_line/CMakeFiles/CMakeTmp'
Makefile:126: recipe for target 'cmTC_12331/fast' failed
make: *** [cmTC_12331/fast] Error 2

File /home/jorgepc/Documents/RetoPuzzeBot/rosNodes/ckn_square/build/straight_line/CMakeFiles/CMakeTmp/CheckSymbolExists.c:
/* */
#include <pthread.h>

int main(int argc, char** argv)
{
  (void)argv;
#ifndef pthread_create
  return ((int*)(&pthread_create))[argc];
#else
  (void)argc;
  return 0;
#endif
}

Determining if the function pthread_create exists in the pthreads failed with the following output:
Change Dir: /home/jorgepc/Documents/RetoPuzzeBot/rosNodes/ckn_square/build/straight_line/CMakeFiles/CMakeTmp

Run Build Command:"/usr/bin/make" "cmTC_d092f/fast"
/usr/bin/make -f CMakeFiles/cmTC_d092f.dir/build.make CMakeFiles/cmTC_d092f.dir/build
make[1]: Entering directory '/home/jorgepc/Documents/RetoPuzzeBot/rosNodes/ckn_square/build/straight_line/CMakeFiles/CMakeTmp'
Building C object CMakeFiles/cmTC_d092f.dir/CheckFunctionExists.c.o
/usr/bin/cc   -DCHECK_FUNCTION_EXISTS=pthread_create   -o CMakeFiles/cmTC_d092f.dir/CheckFunctionExists.c.o   -c /usr/share/cmake-3.10/Modules/CheckFunctionExists.c
Linking C executable cmTC_d092f
/usr/bin/cmake -E cmake_link_script CMakeFiles/cmTC_d092f.dir/link.txt --verbose=1
/usr/bin/cc  -DCHECK_FUNCTION_EXISTS=pthread_create    -rdynamic CMakeFiles/cmTC_d092f.dir/CheckFunctionExists.c.o  -o cmTC_d092f -lpthreads 
/usr/bin/ld: cannot find -lpthreads
collect2: error: ld returned 1 exit status
CMakeFiles/cmTC_d092f.dir/build.make:97: recipe for target 'cmTC_d092f' failed
make[1]: *** [cmTC_d092f] Error 1
make[1]: Leaving directory '/home/jorgepc/Documents/RetoPuzzeBot/rosNodes/ckn_square/build/straight_line/CMakeFiles/CMakeTmp'
Makefile:126: recipe for target 'cmTC_d092f/fast' failed
make: *** [cmTC_d092f/fast] Error 2


