Determining if the pthread_create exist failed with the following output:
Change Dir: /home/jorgepc/Documents/RetoPuzzeBot/rosNodes/ckn_opencv/build/catkin_tools_prebuild/CMakeFiles/CMakeTmp

Run Build Command:"/usr/bin/make" "cmTC_39244/fast"
/usr/bin/make -f CMakeFiles/cmTC_39244.dir/build.make CMakeFiles/cmTC_39244.dir/build
make[1]: Entering directory '/home/jorgepc/Documents/RetoPuzzeBot/rosNodes/ckn_opencv/build/catkin_tools_prebuild/CMakeFiles/CMakeTmp'
Building C object CMakeFiles/cmTC_39244.dir/CheckSymbolExists.c.o
/usr/bin/cc    -o CMakeFiles/cmTC_39244.dir/CheckSymbolExists.c.o   -c /home/jorgepc/Documents/RetoPuzzeBot/rosNodes/ckn_opencv/build/catkin_tools_prebuild/CMakeFiles/CMakeTmp/CheckSymbolExists.c
Linking C executable cmTC_39244
/usr/bin/cmake -E cmake_link_script CMakeFiles/cmTC_39244.dir/link.txt --verbose=1
/usr/bin/cc      -rdynamic CMakeFiles/cmTC_39244.dir/CheckSymbolExists.c.o  -o cmTC_39244 
CMakeFiles/cmTC_39244.dir/CheckSymbolExists.c.o: In function `main':
CheckSymbolExists.c:(.text+0x1b): undefined reference to `pthread_create'
collect2: error: ld returned 1 exit status
CMakeFiles/cmTC_39244.dir/build.make:97: recipe for target 'cmTC_39244' failed
make[1]: *** [cmTC_39244] Error 1
make[1]: Leaving directory '/home/jorgepc/Documents/RetoPuzzeBot/rosNodes/ckn_opencv/build/catkin_tools_prebuild/CMakeFiles/CMakeTmp'
Makefile:126: recipe for target 'cmTC_39244/fast' failed
make: *** [cmTC_39244/fast] Error 2

File /home/jorgepc/Documents/RetoPuzzeBot/rosNodes/ckn_opencv/build/catkin_tools_prebuild/CMakeFiles/CMakeTmp/CheckSymbolExists.c:
/* */
#include <pthread.h>

int main(int argc, char** argv)
{
  (void)argv;
#ifndef pthread_create
  return ((int*)(&pthread_create))[argc];
#else
  (void)argc;
  return 0;
#endif
}

Determining if the function pthread_create exists in the pthreads failed with the following output:
Change Dir: /home/jorgepc/Documents/RetoPuzzeBot/rosNodes/ckn_opencv/build/catkin_tools_prebuild/CMakeFiles/CMakeTmp

Run Build Command:"/usr/bin/make" "cmTC_b2ccb/fast"
/usr/bin/make -f CMakeFiles/cmTC_b2ccb.dir/build.make CMakeFiles/cmTC_b2ccb.dir/build
make[1]: Entering directory '/home/jorgepc/Documents/RetoPuzzeBot/rosNodes/ckn_opencv/build/catkin_tools_prebuild/CMakeFiles/CMakeTmp'
Building C object CMakeFiles/cmTC_b2ccb.dir/CheckFunctionExists.c.o
/usr/bin/cc   -DCHECK_FUNCTION_EXISTS=pthread_create   -o CMakeFiles/cmTC_b2ccb.dir/CheckFunctionExists.c.o   -c /usr/share/cmake-3.10/Modules/CheckFunctionExists.c
Linking C executable cmTC_b2ccb
/usr/bin/cmake -E cmake_link_script CMakeFiles/cmTC_b2ccb.dir/link.txt --verbose=1
/usr/bin/cc  -DCHECK_FUNCTION_EXISTS=pthread_create    -rdynamic CMakeFiles/cmTC_b2ccb.dir/CheckFunctionExists.c.o  -o cmTC_b2ccb -lpthreads 
/usr/bin/ld: cannot find -lpthreads
collect2: error: ld returned 1 exit status
CMakeFiles/cmTC_b2ccb.dir/build.make:97: recipe for target 'cmTC_b2ccb' failed
make[1]: *** [cmTC_b2ccb] Error 1
make[1]: Leaving directory '/home/jorgepc/Documents/RetoPuzzeBot/rosNodes/ckn_opencv/build/catkin_tools_prebuild/CMakeFiles/CMakeTmp'
Makefile:126: recipe for target 'cmTC_b2ccb/fast' failed
make: *** [cmTC_b2ccb/fast] Error 2


